[debug] [2021-02-24T01:20:17.134Z] ----------------------------------------------------------------------
[debug] [2021-02-24T01:20:17.141Z] Command:       C:\laragon\bin\nodejs\node-v12\node.exe C:\laragon\bin\nodejs\node-v12\node_modules\firebase-tools\lib\bin\firebase.js deploy --only hosting --project victoria-naloxone-map --debug
[debug] [2021-02-24T01:20:17.142Z] CLI Version:   9.5.0
[debug] [2021-02-24T01:20:17.143Z] Platform:      win32
[debug] [2021-02-24T01:20:17.143Z] Node Version:  v12.5.0
[debug] [2021-02-24T01:20:17.145Z] Time:          Tue Feb 23 2021 17:20:17 GMT-0800 (Pacific Standard Time)
[debug] [2021-02-24T01:20:17.145Z] ----------------------------------------------------------------------
[debug] [2021-02-24T01:20:17.146Z] 
[debug] [2021-02-24T01:20:17.166Z] > command requires scopes: ["email","openid","https://www.googleapis.com/auth/cloudplatformprojects.readonly","https://www.googleapis.com/auth/firebase","https://www.googleapis.com/auth/cloud-platform"]
[debug] [2021-02-24T01:20:17.176Z] > authorizing via signed-in user
[debug] [2021-02-24T01:20:17.180Z] [iam] checking project victoria-naloxone-map for permissions ["firebase.projects.get","firebasehosting.sites.update"]
[debug] [2021-02-24T01:20:17.187Z] >>> HTTP REQUEST POST https://cloudresourcemanager.googleapis.com/v1/projects/victoria-naloxone-map:testIamPermissions  
 {"permissions":["firebase.projects.get","firebasehosting.sites.update"]}
[debug] [2021-02-24T01:20:17.732Z] <<< HTTP RESPONSE 200 {"content-type":"application/json; charset=UTF-8","vary":"X-Origin, Referer, Origin,Accept-Encoding","date":"Wed, 24 Feb 2021 01:20:17 GMT","server":"ESF","cache-control":"private","x-xss-protection":"0","x-frame-options":"SAMEORIGIN","x-content-type-options":"nosniff","server-timing":"gfet4t7; dur=169","alt-svc":"h3-29=\":443\"; ma=2592000,h3-T051=\":443\"; ma=2592000,h3-Q050=\":443\"; ma=2592000,h3-Q046=\":443\"; ma=2592000,h3-Q043=\":443\"; ma=2592000,quic=\":443\"; ma=2592000; v=\"46,43\"","accept-ranges":"none","transfer-encoding":"chunked"}
[debug] [2021-02-24T01:20:17.741Z] > refreshing access token with scopes: []
[debug] [2021-02-24T01:20:17.743Z] >>> HTTP REQUEST POST https://www.googleapis.com/oauth2/v3/token  
 <request body omitted>
[debug] [2021-02-24T01:20:18.008Z] <<< HTTP RESPONSE 200 {"cache-control":"no-cache, no-store, max-age=0, must-revalidate","pragma":"no-cache","expires":"Mon, 01 Jan 1990 00:00:00 GMT","date":"Wed, 24 Feb 2021 01:20:18 GMT","content-type":"application/json; charset=utf-8","vary":"X-Origin, Referer, Origin,Accept-Encoding","server":"scaffolding on HTTPServer2","x-xss-protection":"0","x-frame-options":"SAMEORIGIN","x-content-type-options":"nosniff","alt-svc":"h3-29=\":443\"; ma=2592000,h3-T051=\":443\"; ma=2592000,h3-Q050=\":443\"; ma=2592000,h3-Q046=\":443\"; ma=2592000,h3-Q043=\":443\"; ma=2592000,quic=\":443\"; ma=2592000; v=\"46,43\"","accept-ranges":"none","transfer-encoding":"chunked"}
[debug] [2021-02-24T01:20:18.035Z] >>> [apiv2][query] GET https://firebase.googleapis.com/v1beta1/projects/victoria-naloxone-map [none]
[debug] [2021-02-24T01:20:18.424Z] <<< [apiv2][status] GET https://firebase.googleapis.com/v1beta1/projects/victoria-naloxone-map 200
[debug] [2021-02-24T01:20:18.428Z] <<< [apiv2][body] GET https://firebase.googleapis.com/v1beta1/projects/victoria-naloxone-map {"projectId":"victoria-naloxone-map","projectNumber":"687916298506","displayName":"victoria-naloxone-map","name":"projects/victoria-naloxone-map","resources":{"hostingSite":"victoria-naloxone-map","realtimeDatabaseInstance":"victoria-naloxone-map-default-rtdb"},"state":"ACTIVE"}
[debug] [2021-02-24T01:20:18.435Z] TypeError [ERR_INVALID_ARG_TYPE]: The "path" argument must be of type string. Received type undefined
    at validateString (internal/validators.js:107:11)
    at Object.join (path.js:372:7)
    at Object.checkFunctionsSDKVersion [as fn] (C:\laragon\bin\nodejs\node-v12\node_modules\firebase-tools\lib\checkFirebaseSDKVersion.js:34:28)
    at C:\laragon\bin\nodejs\node-v12\node_modules\firebase-tools\lib\command.js:161:30
    at processTicksAndRejections (internal/process/task_queues.js:82:5)
[error] 
[error] Error: An unexpected error has occurred.
